2015/01/29;22:01:57:0763;Info;Livebug;Livebug started;-;
2015/01/29;22:01:57:0769;Info;Livebug;app;BukkitGUI;
2015/01/29;22:01:57:0769;Info;Livebug;version;1.7.3.536;
2015/01/29;22:01:57:0769;Info;Livebug;path;C:\Users\Administrador\Desktop\Forge 1.7.10;
2015/01/29;22:01:57:0795;Info;Livebug;netframework;4.0.30319;
2015/01/29;22:01:57:0795;Info;Livebug;CPU;;
2015/01/29;22:01:57:0813;Info;Livebug;CPU;mfg: AuthenticAMD;
2015/01/29;22:01:57:0818;Info;Livebug;CPU;name: AMD Phenom(tm) II X4 955 Processor;
2015/01/29;22:01:57:0823;Info;Livebug;CPU;cores: 4;
2015/01/29;22:01:57:0828;Info;Livebug;CPU;threads: 4;
2015/01/29;22:01:57:0834;Info;Livebug;CPU;speed: 2800;
2015/01/29;22:01:57:0834;Info;Livebug;RAM;;
2015/01/29;22:01:57:0841;Info;Livebug;RAM;amount: 4294967296;
2015/01/29;22:01:57:0846;Info;Livebug;RAM;mfg: None;
2015/01/29;22:01:57:0846;Info;Livebug;OS;;
2015/01/29;22:01:57:0867;Info;Livebug;OS;Name:Microsoft Windows 7 Professional ;
2015/01/29;22:01:57:0867;Info;Livebug;OS;Platform:Win32NT;
2015/01/29;22:01:57:0867;Info;Livebug;OS;Version:6.1.7600.0;
2015/01/29;22:01:57:0867;Fine;Splashscreen;Initializing application;-;
2015/01/29;22:01:57:0867;Fine;Splashscreen;Loading:Initializing common items(20%);-;
2015/01/29;22:01:57:0868;Fine;Common;Updating locations...;-;
2015/01/29;22:01:57:0869;Fine;Common;Common module initialized;-;
2015/01/29;22:01:57:0869;Fine;Splashscreen;Loading:Initializing config(40%);-;
2015/01/29;22:01:57:0874;Fine;fxml - config;Loading XML file: C:\Users\Administrador\Desktop\Forge 1.7.10\BukkitGUI\Config/config.xml;-;
2015/01/29;22:01:57:0875;Fine;fxml - config;XML file loaded;-;
2015/01/29;22:01:57:0880;Fine;Common;Comparing versions: 1.2 - 1.2;-;
2015/01/29;22:01:57:0881;Fine;Common;Normalized versions: 1.2.0.0 - 1.2.0.0;-;
2015/01/29;22:01:57:0881;Fine;Common;Result of version compare:0;-;
2015/01/29;22:01:57:0881;Fine;fxml - config;Verifying versions, result: true;-;
2015/01/29;22:01:57:0881;Fine;Config;Config initialized;-;
2015/01/29;22:01:57:0887;Fine;fxml - config;Requested XML element: lightmode - Value: false;-;
2015/01/29;22:01:57:0887;Fine;Splashscreen;Loading:running update check...(30%);-;
2015/01/29;22:01:57:0888;Fine;fxml - config;Requested XML element: auto_update - Value: true;-;
2015/01/29;22:01:58:0882;Fine;Splashscreen;Loading:Initializing localization(50%);-;
2015/01/29;22:01:58:0886;Fine;fxml - config;Requested XML element: language - Value: C:\Users\Administrador\Desktop\Forge 1.7.10\BukkitGUI\Localization/default.xml;-;
2015/01/29;22:01:58:0891;Fine;fxml - language;Loading XML file: C:\Users\Administrador\Desktop\Forge 1.7.10\BukkitGUI\Localization/default.xml;-;
2015/01/29;22:01:58:0891;Fine;fxml - language;XML file loaded;-;
2015/01/29;22:01:58:0893;Fine;fxml - config;Requested XML element: join - Value: false;-;
2015/01/29;22:01:58:0893;Fine;fxml - config;Requested XML element: disconnect - Value: false;-;
2015/01/29;22:01:58:0893;Fine;fxml - config;Requested XML element: warning - Value: false;-;
2015/01/29;22:01:58:0893;Fine;fxml - config;Requested XML element: severe - Value: false;-;
2015/01/29;22:01:58:0896;Fine;Splashscreen;Loading:Initializing performance(60%);-;
2015/01/29;22:01:58:0908;Fine;performance;Initializing...;-;
2015/01/29;22:01:58:0909;Fine;performance;CPU timer started;-;
2015/01/29;22:01:58:0909;Fine;performance;RAM timer started;-;
2015/01/29;22:01:58:0909;Fine;performance;CPU counter started;-;
2015/01/29;22:01:58:0909;Fine;performance;Performance initialized;-;
2015/01/29;22:01:58:0909;Fine;Splashscreen;Loading:Initializing output handler(70%);-;
2015/01/29;22:01:58:0911;Fine;fxml - config;Requested XML element: info - Value: blue;-;
2015/01/29;22:01:58:0913;Fine;fxml - config;Requested XML element: player_event - Value: green;-;
2015/01/29;22:01:58:0913;Fine;fxml - config;Requested XML element: warning - Value: orange;-;
2015/01/29;22:01:58:0913;Fine;fxml - config;Requested XML element: severe - Value: red;-;
2015/01/29;22:01:58:0913;Fine;fxml - config;Requested XML element: unknown - Value: black;-;
2015/01/29;22:01:58:0913;Fine;fxml - config;Requested XML element: date - Value: false;-;
2015/01/29;22:01:58:0914;Fine;fxml - config;Requested XML element: time - Value: true;-;
2015/01/29;22:01:58:0914;Fine;Splashscreen;Loading:Initializing plugin manager(75%);-;
2015/01/29;22:01:58:0916;Fine;Splashscreen;Loading:Initializing server settings...(85%);-;
2015/01/29;22:01:58:0918;Fine;Pluginmanager;Initializing / Loading;-;
2015/01/29;22:01:58:0924;Fine;ServerSettings;Reading server settings from C:\Users\Administrador\Desktop\Forge 1.7.10/server.properties;-;
2015/01/29;22:01:58:0926;Fine;AdvancedWebClient;Retrieving contents from api.bukget.org;-;
2015/01/29;22:01:58:0929;Fine;Splashscreen;Loading:Initializing error manager...(85%);-;
2015/01/29;22:01:58:0930;Fine;fxml - config;Saved XML element: pluginmanager - Value: ;-;
2015/01/29;22:01:58:0931;Fine;fxml - config;Saved XML element: installedplugins - Value: ;-;
2015/01/29;22:01:58:0934;Fine;fxml - config;Requested XML element: hide_warning - Value: false;-;
2015/01/29;22:01:58:0934;Fine;fxml - config;Requested XML element: hide_error - Value: false;-;
2015/01/29;22:01:58:0934;Fine;fxml - config;Requested XML element: hide_stacktrace - Value: false;-;
2015/01/29;22:01:58:0934;Fine;Splashscreen;Loading:Initializing task manager...(90%);-;
2015/01/29;22:01:58:0935;Fine;fxml - config;Saved XML element: installplugins - Value: ;-;
2015/01/29;22:01:58:0935;Fine;fxml - TaskManager;Loading XML file: C:\Users\Administrador\Desktop\Forge 1.7.10\BukkitGUI\Config/tasks.xml;-;
2015/01/29;22:01:58:0936;Fine;fxml - TaskManager;XML file loaded;-;
2015/01/29;22:01:58:0939;Warning;pluginmanager;Cancelled simple list creation: no plugins;-;
2015/01/29;22:01:58:0939;Fine;TaskManager;Loading tasks...;-;
2015/01/29;22:01:58:0940;Fine;TaskManager;Loaded tasks. 0 tasks loaded;-;
2015/01/29;22:01:58:0940;Fine;Splashscreen;Loading:Initializing backup manager...(90%);-;
2015/01/29;22:01:58:0943;Fine;fxml - BackupManager;Loading XML file: C:\Users\Administrador\Desktop\Forge 1.7.10\BukkitGUI\Config/backups.xml;-;
2015/01/29;22:01:58:0943;Fine;fxml - BackupManager;XML file loaded;-;
2015/01/29;22:01:58:0949;Fine;Backupmanager;Loading backups...;-;
2015/01/29;22:01:58:0949;Fine;Backupmanager;Loaded backups: 0 backups loaded;-;
2015/01/29;22:01:58:0949;Fine;Splashscreen;Loading:Done...(100%);-;
2015/01/29;22:01:59:0669;Fine;BukGetAPI;Starting parse of plugin list...;-;
2015/01/29;22:01:59:0790;Fine;BukGetAPI;Parsing done... Parsed 20 items;-;
2015/01/29;22:01:59:0790;Fine;BukGetAPI;All plugins loaded;-;
2015/01/29;22:02:00:0249;Fine;mainform;Starting to load mainform;-;
2015/01/29;22:02:00:0249;Fine;mainform;Mainform window handle saved!;-;
2015/01/29;22:02:00:0280;Fine;mainform;Setting User Interface for server type Bukkit;-;
2015/01/29;22:02:00:0280;Fine;fxml - config;Requested XML element: bukkit_get_version - Value: true;-;
2015/01/29;22:02:00:0282;Fine;fxml - config;Saved XML element: bukkit_get_version - Value: true;-;
2015/01/29;22:02:00:0283;Fine;fxml - config;Requested XML element: bukkit_auto_update - Value: true;-;
2015/01/29;22:02:00:0286;Fine;fxml - config;Saved XML element: bukkit_auto_update - Value: true;-;
2015/01/29;22:02:00:0286;Fine;fxml - config;Requested XML element: bukkit_auto_update_automatic - Value: false;-;
2015/01/29;22:02:00:0292;Fine;fxml - config;Requested XML element: jre - Value: 4;-;
2015/01/29;22:02:00:0292;Fine;fxml - config;Requested XML element: server - Value: 0;-;
2015/01/29;22:02:00:0292;Fine;fxml - config;Requested XML element: minram - Value: 128;-;
2015/01/29;22:02:00:0292;Fine;fxml - config;Requested XML element: maxram - Value: 1024;-;
2015/01/29;22:02:00:0293;Fine;fxml - config;Requested XML element: jar - Value: C:\Users\Administrador\Desktop\Forge 1.7.10\cauldron-1.7.10-1.1236.05.212-server.jar;-;
2015/01/29;22:02:00:0296;Fine;fxml - config;Saved XML element: jar - Value: C:\Users\Administrador\Desktop\Forge 1.7.10\cauldron-1.7.10-1.1236.05.212-server.jar;-;
2015/01/29;22:02:00:0296;Fine;fxml - config;Requested XML element: custom_args - Value: ;-;
2015/01/29;22:02:00:0296;Fine;fxml - config;Requested XML element: custom_switch - Value: ;-;
2015/01/29;22:02:00:0296;Fine;fxml - config;Requested XML element: remote_host - Value: ;-;
2015/01/29;22:02:00:0296;Fine;fxml - config;Requested XML element: remote_username - Value: ;-;
2015/01/29;22:02:00:0296;Fine;fxml - config;Requested XML element: remote_port - Value: 20059;-;
2015/01/29;22:02:00:0296;Fine;fxml - config;Requested XML element: remote_password - Value: ********;-;
2015/01/29;22:02:00:0296;Fine;fxml - config;Requested XML element: remote_salt - Value: ********;-;
2015/01/29;22:02:00:0296;Fine;fxml - config;Requested XML element: bukkit_get_version - Value: true;-;
2015/01/29;22:02:00:0296;Fine;fxml - config;Requested XML element: bukkit_auto_update - Value: true;-;
2015/01/29;22:02:00:0298;Fine;mainform;Loading plugin installer items;-;
2015/01/29;22:02:00:0300;Fine;BukGetAPI;Getting categories;-;
2015/01/29;22:02:00:0300;Fine;AdvancedWebClient;Retrieving contents from api.bukget.org;-;
2015/01/29;22:02:00:0412;Fine;mainform;Loading info items;-;
2015/01/29;22:02:00:0447;Fine;AdvancedWebClient;Retrieving contents from geoip.bertware.net;-;
2015/01/29;22:02:00:0447;Fine;fxml - config;Requested XML element: time - Value: 500;-;
2015/01/29;22:02:00:0447;Fine;fxml - config;Requested XML element: join - Value: false;-;
2015/01/29;22:02:00:0447;Fine;fxml - config;Requested XML element: disconnect - Value: false;-;
2015/01/29;22:02:00:0447;Fine;fxml - config;Requested XML element: warning - Value: false;-;
2015/01/29;22:02:00:0447;Fine;fxml - config;Requested XML element: severe - Value: false;-;
2015/01/29;22:02:00:0448;Fine;fxml - config;Requested XML element: always - Value: false;-;
2015/01/29;22:02:00:0448;Fine;fxml - config;Requested XML element: minimize - Value: false;-;
2015/01/29;22:02:00:0452;Fine;fxml - config;Requested XML element: language - Value: C:\Users\Administrador\Desktop\Forge 1.7.10\BukkitGUI\Localization/default.xml;-;
2015/01/29;22:02:00:0458;Fine;fxml - config;Requested XML element: auto_update - Value: true;-;
2015/01/29;22:02:00:0459;Fine;fxml - config;Saved XML element: auto_update - Value: true;-;
2015/01/29;22:02:00:0459;Fine;fxml - config;Requested XML element: enable_tabplayers - Value: true;-;
2015/01/29;22:02:00:0461;Fine;fxml - config;Requested XML element: enable_taberrorlogging - Value: true;-;
2015/01/29;22:02:00:0463;Fine;fxml - config;Requested XML element: enable_tabtaskmanager - Value: true;-;
2015/01/29;22:02:00:0464;Fine;fxml - config;Requested XML element: enable_tabplugins - Value: true;-;
2015/01/29;22:02:00:0466;Fine;fxml - config;Requested XML element: enable_tabserveroptions - Value: true;-;
2015/01/29;22:02:00:0477;Fine;fxml - config;Saved XML element: time - Value: true;-;
2015/01/29;22:02:00:0627;Fine;fxml - config;Requested XML element: font_name - Value: arial;-;
2015/01/29;22:02:00:0627;Fine;fxml - config;Requested XML element: font_size - Value: 9;-;
2015/01/29;22:02:00:0627;Fine;fxml - config;Requested XML element: utf_8_compatibility - Value: false;-;
2015/01/29;22:02:00:0638;Fine;ServerSettings;Reading server settings from C:\Users\Administrador\Desktop\Forge 1.7.10/server.properties;-;
2015/01/29;22:02:00:0639;Fine;fxml - config;Requested XML element: autostart - Value: false;-;
2015/01/29;22:02:00:0642;Fine;fxml - config;Requested XML element: spamfilter - Value: ;-;
2015/01/29;22:02:00:0643;Fine;fxml - config;Requested XML element: minotar_size - Value: 32;-;
2015/01/29;22:02:00:0643;Fine;fxml - config;Requested XML element: minotar_source - Value: http://minotar.net;-;
2015/01/29;22:02:00:0643;Fine;AdvancedWebClient;Retrieving contents from geoip.bertware.net;-;
2015/01/29;22:02:01:0265;Fine;mainform;Adding 20 Items to BukGet Plugin list;thds_SetBukgetPlugins;
2015/01/29;22:02:01:0265;Fine;mainform;finished to load mainform;-;
2015/01/29;22:02:01:0285;Fine;Splashscreen;Application initialized, Closing splashscreen;-;
2015/01/29;22:02:02:0117;Warning;dlb;Could not create dlb_download object, xml invalid. Xml:;-;
2015/01/29;22:02:02:0117;Fine;BukkitTools;Fetched latest recommended bukkit version (0);-;
2015/01/29;22:02:02:0419;Warning;dlb;Could not create dlb_download object, xml invalid. Xml:;-;
2015/01/29;22:02:02:0419;Fine;BukkitTools;Fetched latest beta bukkit version (0);-;
2015/01/29;22:02:02:0739;Warning;dlb;Could not create dlb_download object, xml invalid. Xml:;-;
2015/01/29;22:02:02:0739;Fine;BukkitTools;Fetched latest dev bukkit version (0);-;
2015/01/29;22:02:03:0966;Fine;Mainform;Starting new server - selected type:Bukkit;-;
2015/01/29;22:02:03:0972;Fine;mainform;Validating settings for server type Bukkit;-;
2015/01/29;22:02:03:0974;Info;mainform;Size of server file: False bytes (0mb);-;
2015/01/29;22:02:03:0974;Info;mainform;Size of server file seems ok;-;
2015/01/29;22:02:03:0974;Fine;mainform;Validated settings, result:True;-;
2015/01/29;22:02:03:0975;Fine;Mainform;Starting new bukkit server...;-;
2015/01/29;22:02:03:0987;Fine;fxml - config;Requested XML element: alternative_java - Value: C:\Program Files\Java\jre1.8.0_31\bin\java.exe;-;
2015/01/29;22:02:03:0987;Fine;fxml - config;Requested XML element: utf_8_compatibility - Value: false;-;
2015/01/29;22:02:03:0992;Fine;Server;Starting server (java);server;
2015/01/29;22:02:03:0993;Fine;Server;Executable:C:\Program Files\Java\jre1.8.0_31\bin\java.exe;Server-StartJavaServer;
2015/01/29;22:02:03:0993;Fine;Server;Jar:C:\Users\Administrador\Desktop\Forge 1.7.10\cauldron-1.7.10-1.1236.05.212-server.jar;Server-StartJavaServer;
2015/01/29;22:02:03:0993;Fine;Server;Options:-Xms128M -Xmx1024M -Duser.language=en ;Server-StartJavaServer;
2015/01/29;22:02:03:0993;Fine;Server;Flags:-nojline;Server-StartJavaServer;
2015/01/29;22:02:03:0993;Fine;Server;Total argument:-Xms128M -Xmx1024M -Duser.language=en -jar "C:\Users\Administrador\Desktop\Forge 1.7.10\cauldron-1.7.10-1.1236.05.212-server.jar" -nojline;Server-StartJavaServer;
2015/01/29;22:02:04:0053;Fine;Server;Starting process;-;
2015/01/29;22:02:04:0057;Fine;Server;Process started;-;
2015/01/29;22:02:04:0060;Fine;Server;Initializing handling for new server;-;
2015/01/29;22:02:04:0061;Fine;Server;New server initialized;-;
2015/01/29;22:02:04:0061;Fine;Server;Server started succesfully;-;
2015/01/29;22:02:04:0070;Fine;ServerSettings;Reading server settings from C:\Users\Administrador\Desktop\Forge 1.7.10/server.properties;-;
2015/01/29;22:02:04:0127;Fine;mainform;Output thread started...;-;
2015/01/29;22:02:04:0127;Fine;mainform;Output thread started...;-;
2015/01/29;22:02:04:0127;Fine;mainform;Error thread started...;-;
2015/01/29;22:12:30:0429;Fine;mainform;Stopping server...;stop_server();
2015/01/29;22:12:30:0430;Fine;language;Translation not found, adding. Original:Stopping the server...;-;
2015/01/29;22:12:30:0434;Fine;fxml - language;Saved XML element: text - Value: Stopping+the+server...;-;
2015/01/29;22:12:30:0434;Fine;language;Added to language file. Returning original value;-;
2015/01/29;22:12:30:0442;Fine;language;Translation not found, adding. Original:Stopping server;-;
2015/01/29;22:12:30:0448;Fine;fxml - language;Saved XML element: text - Value: Stopping+server;-;
2015/01/29;22:12:30:0448;Fine;language;Added to language file. Returning original value;-;
2015/01/29;22:12:31:0115;Info;server;The server has stopped... Cleaning up...;-;
2015/01/29;22:12:31:0132;Info;mainform;The server has stopped. Updating UI;-;
2015/01/29;22:12:31:0148;Info;mainform;The server has stopped. Updated UI;-;
2015/01/29;22:12:31:0148;Info;server;The server has stopped... Cleanup finished;-;
2015/01/29;22:12:31:0148;Info;mainform;thd_read_output exited;-;
2015/01/29;22:12:31:0194;Info;mainform;thd_read_error exited;-;
2015/01/29;22:12:31:0867;Fine;ServerSettings;Reading server settings from C:\Users\Administrador\Desktop\Forge 1.7.10/server.properties;-;
2015/01/29;22:12:33:0963;Fine;language;Translation not found, adding. Original:value:;-;
2015/01/29;22:12:33:0964;Fine;fxml - language;Saved XML element: text - Value: value%3a;-;
2015/01/29;22:12:33:0964;Fine;language;Added to language file. Returning original value;-;
2015/01/29;22:12:33:0964;Fine;language;Translation not found, adding. Original:Setting:;-;
2015/01/29;22:12:33:0965;Fine;fxml - language;Saved XML element: text - Value: Setting%3a;-;
2015/01/29;22:12:33:0965;Fine;language;Added to language file. Returning original value;-;
2015/01/29;22:12:33:0966;Fine;language;Translation not found, adding. Original:Ok;-;
2015/01/29;22:12:33:0966;Fine;fxml - language;Saved XML element: text - Value: Ok;-;
2015/01/29;22:12:33:0966;Fine;language;Added to language file. Returning original value;-;
2015/01/29;22:12:33:0967;Fine;language;Translation not found, adding. Original:Server settings...;-;
2015/01/29;22:12:33:0967;Fine;fxml - language;Saved XML element: text - Value: Server+settings...;-;
2015/01/29;22:12:33:0967;Fine;language;Added to language file. Returning original value;-;
2015/01/29;22:12:38:0108;Fine;ServerSettings;Writing server settings to C:\Users\Administrador\Desktop\Forge 1.7.10/server.properties;-;
2015/01/29;22:12:38:0109;Fine;ServerSettings;Reading server settings from C:\Users\Administrador\Desktop\Forge 1.7.10/server.properties;-;
2015/01/29;22:12:46:0262;Fine;ServerSettings;Writing server settings to C:\Users\Administrador\Desktop\Forge 1.7.10/server.properties;-;
2015/01/29;22:12:46:0262;Fine;ServerSettings;Reading server settings from C:\Users\Administrador\Desktop\Forge 1.7.10/server.properties;-;
2015/01/30;00:05:10:0151;Fine;mainform;Closing mainform;-;
